WeatherApplication/app/build/intermediates/manifest_merge_blame_file/debug/manifest-merger-blame-debug-report.txt
1<?xml version="1.0" encoding="utf-8"?>
2<manifest xmlns:android="http://schemas.android.com/apk/res/android"
3    package="google.codelabs.weatherapplication"
4    android:versionCode="1"
5    android:versionName="1.0" >
6
7    <uses-sdk
8        android:minSdkVersion="23"
8-->src/main/AndroidManifest.xml
9        android:targetSdkVersion="31" />
9-->src/main/AndroidManifest.xml
10
11    <uses-permission android:name="android.permission.INTERNET" />
11-->src/main/AndroidManifest.xml:5:5-66
11-->src/main/AndroidManifest.xml:5:22-64
12    <uses-permission android:name="android.permission.ACCESS_FINE_LOCATION" />
12-->src/main/AndroidManifest.xml:6:5-78
12-->src/main/AndroidManifest.xml:6:22-76
13    <uses-permission android:name="android.permission.ACCESS_COARSE_LOCATION" />
13-->src/main/AndroidManifest.xml:7:5-80
13-->src/main/AndroidManifest.xml:7:22-78
14
15    <!-- Permission will be merged into the manifest of the hosting app. -->
16    <!-- Is required to launch foreground extraction service for targetSdkVersion 28+. -->
17    <uses-permission android:name="android.permission.FOREGROUND_SERVICE" />
17-->[com.google.android.play:core:1.9.1] AndroidManifest.xml:8:3-74
17-->[com.google.android.play:core:1.9.1] AndroidManifest.xml:8:20-72
18
19    <application
19-->src/main/AndroidManifest.xml:9:5-27:19
20        android:name="google.codelabs.weatherapplication.App"
20-->src/main/AndroidManifest.xml:10:9-28
21        android:allowBackup="true"
21-->src/main/AndroidManifest.xml:11:9-35
22        android:appComponentFactory="androidx.core.app.CoreComponentFactory"
22-->[androidx.core:core:1.7.0] AndroidManifest.xml:24:18-86
23        android:debuggable="true"
24        android:extractNativeLibs="false"
25        android:icon="@mipmap/ic_launcher"
25-->src/main/AndroidManifest.xml:12:9-43
26        android:label="@string/app_name"
26-->src/main/AndroidManifest.xml:13:9-41
27        android:roundIcon="@mipmap/ic_launcher_round"
27-->src/main/AndroidManifest.xml:14:9-54
28        android:supportsRtl="true"
28-->src/main/AndroidManifest.xml:15:9-35
29        android:testOnly="true"
30        android:theme="@style/Theme.Light" >
30-->src/main/AndroidManifest.xml:16:9-43
31        <activity
31-->src/main/AndroidManifest.xml:17:9-26:20
32            android:name="google.codelabs.weatherapplication.MainActivity"
32-->src/main/AndroidManifest.xml:18:13-41
33            android:exported="true"
33-->src/main/AndroidManifest.xml:19:13-36
34            android:label="@string/app_name" >
34-->src/main/AndroidManifest.xml:20:13-45
35            <intent-filter>
35-->src/main/AndroidManifest.xml:21:13-25:29
36                <action android:name="android.intent.action.MAIN" />
36-->src/main/AndroidManifest.xml:22:17-69
36-->src/main/AndroidManifest.xml:22:25-66
37
38                <category android:name="android.intent.category.LAUNCHER" />
38-->src/main/AndroidManifest.xml:24:17-77
38-->src/main/AndroidManifest.xml:24:27-74
39            </intent-filter>
40        </activity>
41        <activity
41-->[com.google.android.gms:play-services-base:18.0.1] AndroidManifest.xml:20:9-22:45
42            android:name="com.google.android.gms.common.api.GoogleApiActivity"
42-->[com.google.android.gms:play-services-base:18.0.1] AndroidManifest.xml:20:19-85
43            android:exported="false"
43-->[com.google.android.gms:play-services-base:18.0.1] AndroidManifest.xml:22:19-43
44            android:theme="@android:style/Theme.Translucent.NoTitleBar" />
44-->[com.google.android.gms:play-services-base:18.0.1] AndroidManifest.xml:21:19-78
45
46        <meta-data
46-->[com.google.android.gms:play-services-basement:18.0.0] AndroidManifest.xml:21:9-23:69
47            android:name="com.google.android.gms.version"
47-->[com.google.android.gms:play-services-basement:18.0.0] AndroidManifest.xml:22:13-58
48            android:value="@integer/google_play_services_version" />
48-->[com.google.android.gms:play-services-basement:18.0.0] AndroidManifest.xml:23:13-66
49
50        <service
50-->[androidx.room:room-runtime:2.4.2] AndroidManifest.xml:25:9-28:40
51            android:name="androidx.room.MultiInstanceInvalidationService"
51-->[androidx.room:room-runtime:2.4.2] AndroidManifest.xml:26:13-74
52            android:directBootAware="true"
52-->[androidx.room:room-runtime:2.4.2] AndroidManifest.xml:27:13-43
53            android:exported="false" />
53-->[androidx.room:room-runtime:2.4.2] AndroidManifest.xml:28:13-37
54
55        <provider
55-->[androidx.emoji2:emoji2:1.0.0] AndroidManifest.xml:26:9-34:20
56            android:name="androidx.startup.InitializationProvider"
56-->[androidx.emoji2:emoji2:1.0.0] AndroidManifest.xml:27:13-67
57            android:authorities="google.codelabs.weatherapplication.androidx-startup"
57-->[androidx.emoji2:emoji2:1.0.0] AndroidManifest.xml:28:13-68
58            android:exported="false" >
58-->[androidx.emoji2:emoji2:1.0.0] AndroidManifest.xml:29:13-37
59            <meta-data
59-->[androidx.emoji2:emoji2:1.0.0] AndroidManifest.xml:31:13-33:52
60                android:name="androidx.emoji2.text.EmojiCompatInitializer"
60-->[androidx.emoji2:emoji2:1.0.0] AndroidManifest.xml:32:17-75
61                android:value="androidx.startup" />
61-->[androidx.emoji2:emoji2:1.0.0] AndroidManifest.xml:33:17-49
62            <meta-data
62-->[androidx.lifecycle:lifecycle-process:2.4.0] AndroidManifest.xml:31:13-33:52
63                android:name="androidx.lifecycle.ProcessLifecycleInitializer"
63-->[androidx.lifecycle:lifecycle-process:2.4.0] AndroidManifest.xml:32:17-78
64                android:value="androidx.startup" />
64-->[androidx.lifecycle:lifecycle-process:2.4.0] AndroidManifest.xml:33:17-49
65        </provider> <!-- The activities will be merged into the manifest of the hosting app. -->
66        <activity
66-->[com.google.android.play:core:1.9.1] AndroidManifest.xml:12:5-271
67            android:name="com.google.android.play.core.missingsplits.PlayCoreMissingSplitsActivity"
67-->[com.google.android.play:core:1.9.1] AndroidManifest.xml:12:15-102
68            android:enabled="false"
68-->[com.google.android.play:core:1.9.1] AndroidManifest.xml:12:103-126
69            android:exported="false"
69-->[com.google.android.play:core:1.9.1] AndroidManifest.xml:12:127-151
70            android:launchMode="singleInstance"
70-->[com.google.android.play:core:1.9.1] AndroidManifest.xml:12:204-239
71            android:process=":playcore_missing_splits_activity"
71-->[com.google.android.play:core:1.9.1] AndroidManifest.xml:12:152-203
72            android:stateNotNeeded="true" />
72-->[com.google.android.play:core:1.9.1] AndroidManifest.xml:12:240-269
73        <activity
73-->[com.google.android.play:core:1.9.1] AndroidManifest.xml:13:5-226
74            android:name="com.google.android.play.core.common.PlayCoreDialogWrapperActivity"
74-->[com.google.android.play:core:1.9.1] AndroidManifest.xml:13:15-95
75            android:enabled="false"
75-->[com.google.android.play:core:1.9.1] AndroidManifest.xml:13:96-119
76            android:exported="false"
76-->[com.google.android.play:core:1.9.1] AndroidManifest.xml:13:120-144
77            android:stateNotNeeded="true"
77-->[com.google.android.play:core:1.9.1] AndroidManifest.xml:13:145-174
78            android:theme="@style/Theme.PlayCore.Transparent" /> <!-- The services will be merged into the manifest of the hosting app. -->
78-->[com.google.android.play:core:1.9.1] AndroidManifest.xml:13:175-224
79        <service
79-->[com.google.android.play:core:1.9.1] AndroidManifest.xml:16:5-18:15
80            android:name="com.google.android.play.core.assetpacks.AssetPackExtractionService"
80-->[com.google.android.play:core:1.9.1] AndroidManifest.xml:16:14-95
81            android:enabled="false"
81-->[com.google.android.play:core:1.9.1] AndroidManifest.xml:16:96-119
82            android:exported="true" >
82-->[com.google.android.play:core:1.9.1] AndroidManifest.xml:16:120-143
83            <meta-data
83-->[com.google.android.play:core:1.9.1] AndroidManifest.xml:17:7-108
84                android:name="com.google.android.play.core.assetpacks.versionCode"
84-->[com.google.android.play:core:1.9.1] AndroidManifest.xml:17:18-84
85                android:value="10901" />
85-->[com.google.android.play:core:1.9.1] AndroidManifest.xml:17:85-106
86        </service>
87        <service
87-->[com.google.android.play:core:1.9.1] AndroidManifest.xml:19:5-147
88            android:name="com.google.android.play.core.assetpacks.ExtractionForegroundService"
88-->[com.google.android.play:core:1.9.1] AndroidManifest.xml:19:14-96
89            android:enabled="false"
89-->[com.google.android.play:core:1.9.1] AndroidManifest.xml:19:97-120
90            android:exported="false" />
90-->[com.google.android.play:core:1.9.1] AndroidManifest.xml:19:121-145
91    </application>
92
93</manifest>